2024-11-10 10:12:35	287872c5-0403-4275-96f9-ceb06813be47	GET	/device/672cfcff574fd8ecaf372bd0\tundefined
2024-11-10 11:41:50	e8f91d35-baf4-4464-a7ed-c38e0469f88b	PATCH	/device/672cfcff574fd8ecaf372bd0\tundefined
2024-11-10 11:43:11	40050126-2223-4e90-b04f-7395343d02d5	PATCH	/device/672cfcff574fd8ecaf372bd0\tundefined
2024-11-10 11:45:15	e666f298-bff9-49e1-ab67-7d4f88ece099	PATCH	/device/672cfcff574fd8ecaf372bd0\tundefined
2024-11-10 11:48:30	14e1d530-6ebc-4f31-9b3c-e0253bd195b4	PATCH	/device/672cfcff574fd8ecaf372bd0\tundefined
2024-11-10 12:33:36	26ea7e24-b68e-46b7-a4b6-76c25f4aebf2	PATCH	/device/672cfcff574fd8ecaf372bd0\tundefined
2024-11-10 13:04:36	1193dd2c-7b25-43bc-bbc7-b217d24f42ec	PATCH	/device/672cfcff574fd8ecaf372bd0\tundefined
2024-11-10 13:05:52	dfe05c3f-accb-48b3-9690-7c9f1137b647	PATCH	/user\tundefined
2024-11-10 13:07:05	38d4ed15-cc77-45d6-b583-fe1dde635f36	PATCH	/user\tundefined
2024-11-10 13:12:25	3a84e9bc-5cb2-4bb4-aa7b-9bc49c421165	PATCH	/user\tundefined
2024-11-10 13:25:56	6495a9ed-e99d-4306-9fcb-78fc62d965fb	GET	/user\tundefined
2024-11-10 13:26:14	5a2f4449-702f-49cb-b12e-f76d43e5d1b7	GET	/user\tundefined
2024-11-10 13:27:43	c8bababb-50d2-4dbf-8c79-50436c48cd3b	GET	/user\tundefined
2024-11-10 13:28:59	4146823c-bea3-4b71-8d71-1f950c356da6	GET	/user\tundefined
2024-11-10 13:29:10	b1c3e396-2567-48f2-a766-832cea156049	OPTIONS	/\thttps://www.bing.com
2024-11-10 13:29:10	a37aad06-be68-4a0f-b3d1-bc6df279ce6c	GET	/\thttps://www.bing.com
2024-11-10 13:29:24	78cd473f-2b02-4f7d-b13b-198bb37684e7	OPTIONS	/\thttps://www.bing.com
2024-11-10 13:29:24	c83e3f4c-4ed5-4167-961c-63a583a7239d	GET	/\thttps://www.bing.com
2024-11-10 13:30:57	06d6825b-c4fd-4268-a959-8316a533eda8	GET	/user\tundefined
2024-11-10 13:31:12	7e7108db-67e2-4e1d-b09d-90c11b612436	GET	/user/\tundefined
2024-11-10 13:31:51	d13fb3f5-ebbd-42d1-be7a-5edd98343923	GET	/user/\tundefined
2024-11-10 13:33:42	ddc1d763-6ce3-4e9d-891c-c394caa03cdc	GET	/user/\tundefined
2024-11-10 13:34:37	d01ab9ae-f6b6-4b2d-b654-9d43d30ff487	GET	/\tundefined
2024-11-10 13:35:49	860c7b04-efdc-44c6-a96f-c9cb86414928	GET	/chart\tundefined
2024-11-10 14:17:51	26c4a917-96bc-42ba-a89e-20375226648e	GET	/user\tundefined
2024-11-10 14:19:10	26b03ec1-b3f2-40d7-afb3-7f2896e6b9e4	GET	/user\tundefined
2024-11-10 14:22:10	4a31134b-2360-4529-939e-c4844128a67d	GET	/user\tundefined
2024-11-10 14:23:51	c18eb3a3-4143-4cbf-8d52-c84baa50b1bc	GET	/user\tundefined
2024-11-10 14:25:56	118667fd-6833-4b0c-ba43-103165197de1	POST	/user/login\tundefined
2024-11-10 14:27:08	c9d068db-8789-4ae8-8fbb-441b9217a104	POST	/user/register\tundefined
2024-11-10 14:27:47	0c94b59f-a4c8-45d0-a2ee-cbc583caec3f	POST	/user/register\tundefined
2024-11-10 14:27:58	4070e475-4ca4-4630-bee2-e6b28cf600ce	POST	/user/login\tundefined
2024-11-10 14:28:11	ae164bb8-3480-4531-82bb-8101791a1589	GET	/user/\tundefined
2024-11-10 14:28:57	eda05206-cf43-4720-85ca-27b7baa608a4	GET	/user/\tundefined
2024-11-10 14:29:21	905270c4-367a-45d4-b18a-e2c10dd1ad46	GET	/user/67306074595385b74d972bb8\tundefined
2024-11-10 14:29:58	834e11d2-3f1f-408f-818d-a5175fe5a0ba	GET	/user/67306074595385b74d972bb2\tundefined
2024-11-10 14:30:18	af709b9a-2861-4a2e-8626-c795d45a4a0c	PATCH	/user/67306074595385b74d972bb8\tundefined
2024-11-10 14:31:40	26105541-ce04-48d1-9a1e-8524e0679cee	PATCH	/user/67306074595385b74d972bb8\tundefined
2024-11-10 14:32:16	d27ebb5b-569f-475b-8919-f4fcec1f4ddd	PATCH	/user/67306074595385b74d972bb8\tundefined
2024-11-10 14:32:33	f8abc69f-c7d1-4cfc-8fa2-07b0475d6a9f	PATCH	/user/\tundefined
2024-11-10 14:32:53	01cd7786-1315-4666-806b-d76b1d0eab00	GET	/user/67306074595385b74d972bb8\tundefined
2024-11-10 14:33:07	8773b3f8-6012-4353-b094-e49df0d7d2b9	PATCH	/user/\tundefined
2024-11-10 14:33:12	694dd19e-a522-4947-878e-6bf82db14518	PATCH	/user/\tundefined
2024-11-10 14:33:18	0276bd97-aee9-446a-b712-e019df20a89b	PATCH	/user/\tundefined
2024-11-10 14:36:24	0e06e0dd-d57c-4879-b294-2583c515105a	DELETE	/user/\tundefined
2024-11-10 14:36:58	76b6e473-6c59-4fe0-88a4-2f3ad13015fe	GET	/user/\tundefined
2024-11-10 14:37:16	d61ad993-634f-4dbd-b348-54d9c3e48f1b	POST	/sensor/upload\tundefined
2024-11-10 14:40:10	59032d03-1e20-474d-b2fa-24a9fdfdf61c	POST	/sensor/upload\tundefined
2024-11-10 14:43:55	8bb6fc5c-f2a0-4075-9021-336646f61938	POST	/sensor/upload\tundefined
2024-11-10 14:46:19	ce6145cb-677d-409f-8acf-db8d5e76f7dc	POST	/sensor/upload\tundefined
2024-11-10 14:46:30	cd18752b-80d9-4ac6-98e8-8a6889dc75f2	POST	/sensor/upload\tundefined
2024-11-10 14:47:19	40aa57c1-ab3d-4757-a7c3-bdbe0734158e	POST	/sensor/upload\tundefined
2024-11-10 14:51:33	f3865ffe-8a63-4497-93a5-87816eda2e2d	POST	/sensor/upload\tundefined
2024-11-10 14:52:05	93d7445c-5ed9-4520-8d68-36b12cc29b8f	POST	/sensor/upload\tundefined
2024-11-10 14:54:04	c5eb6a49-eaf8-4326-93c8-f9d65d158ae8	POST	/sensor/upload\tundefined
2024-11-10 14:55:01	c62aaa46-3ac0-4371-b3d2-fd0baeaf7e35	POST	/sensor/upload\tundefined
2024-11-10 14:55:29	5d0ec3c3-f176-4916-bfcd-81e816f6102b	POST	/sensor/upload\tundefined
2024-11-10 14:56:32	39f73c8d-0f2c-42f0-9ca6-3f93ae4b1d13	POST	/sensor/upload\tundefined
2024-11-10 14:57:05	ff3a4cbc-9cc0-411a-9886-7c35403b69a8	POST	/sensor/upload\tundefined
2024-11-10 15:01:16	7a8ba23c-2575-411c-8783-9925efa98962	POST	/chart/\tundefined
2024-11-10 15:01:33	a279a52d-32f9-4d1c-bd60-bf1285150f9f	POST	/chart/\tundefined
2024-11-10 15:01:46	4ad7c06d-e673-4164-9f2d-1dce6a282737	POST	/device/\tundefined
2024-11-10 15:19:28	119a8660-3b8e-42ba-b6fa-a55e4d7bf19b	POST	/device/\tundefined
2024-11-10 15:19:40	430135a1-d8dd-4ae6-afc6-fdda0dfcfccc	POST	/sensor/\tundefined
2024-11-10 15:21:15	4859b8d5-6459-4dbe-9b99-3c7052ffe5f7	POST	/sensor/\tundefined
2024-11-10 15:23:03	00f8b4e6-34a1-4e3a-81eb-7e4a2520a473	POST	/sensor/\tundefined
2024-11-10 15:23:30	839111a9-e70c-48bb-b3be-3281391adec4	POST	/sensor/\tundefined
2024-11-10 15:23:35	da550fa5-1c29-4ece-b713-afb3bb15d004	POST	/sensor/\tundefined
2024-11-10 15:24:19	ff7147f7-2bcc-467f-bf47-115627f0db28	GET	/sensor/\tundefined
2024-11-10 15:27:13	f2a51d2b-cd73-4eac-bdf3-aae40552d095	GET	/sensor/\tundefined
2024-11-10 17:15:15	b4527c43-bd37-439e-9be7-548248ad9810	GET	/user\tundefined
2024-11-10 17:23:18	4a39c189-6108-4271-83d9-9ad7e7cd1421	POST	/user/register\tundefined
2024-11-10 17:25:09	60d090b5-3cb7-4e99-9e3e-f7cffe6806a8	POST	/user/register\tundefined
2024-11-10 17:25:21	cb587761-d541-4d17-82d0-590f32627886	POST	/user/login\tundefined
2024-11-10 17:26:30	ad9bec58-9564-4ad1-9260-dadf9e25eec6	POST	/device/\tundefined
2024-11-10 17:26:42	d4398aa3-e2d8-4744-b4c2-6058905c78c0	GET	/device/\tundefined
2024-11-10 17:28:12	8aea04e3-59a1-4bd6-874e-3f278407c38f	GET	/sensor/\tundefined
2024-11-10 17:28:17	a114a9bb-05b4-4e0b-9e16-ac19e8088e54	POST	/sensor/\tundefined
2024-11-10 17:33:45	8c5ec1a6-3899-42d9-b1ff-8c0b6bd75d48	POST	/device/\tundefined
2024-11-10 17:34:12	7f7a560b-66c9-4c69-874f-37782c656f31	POST	/sensor/\tundefined
2024-11-10 20:12:04	2680ab8f-f0ce-4589-90e3-287625aeb81c	POST	/sensor/\tundefined
2024-11-10 20:13:02	dc0e6804-281c-4c38-9488-b88f0287dc34	GET	/sensor/\tundefined
2024-11-10 20:13:08	b81afdba-8617-477c-9154-aa8417b7f9cd	GET	/sensor/\tundefined
2024-11-10 20:14:27	34052e36-93ac-4279-b801-bcbb6d667b34	POST	/sensor/\tundefined
2024-11-10 20:14:36	0c92209f-a6ab-4210-9f10-023a443d935f	POST	/sensor/\tundefined
2024-11-10 20:16:11	5f1e6947-9ca0-4469-8e6e-b72f173264ba	GET	/sensor/all\tundefined
2024-11-10 20:17:50	0fea6239-7f82-4034-b3fb-49411ee92a8c	GET	/sensor/all\tundefined
2024-11-10 20:19:06	1faff17b-a66e-4a51-b062-53c2fc9ad7a0	GET	/sensor/6730b1259feb4db858519cb2\tundefined
2024-12-04 20:53:25	b23f9a0a-9b7c-4dca-96f8-7e9df1566546	GET	/\tundefined
2024-12-04 20:53:36	cbb74d4f-e0ef-4b67-8c75-c79be05e3a1f	GET	/\tundefined
2024-12-04 20:53:42	3c6c97c1-a618-448c-9ff4-7c78251b384c	GET	/notif\tundefined
2024-12-04 20:53:52	206deb33-ad12-421b-89c1-dd7379c4761e	GET	/chart\tundefined
2024-12-04 20:54:14	5f809f55-5fd8-4a13-bea6-3109e1ced295	GET	/device\tundefined
2024-12-04 20:54:24	5cbfa5cc-b568-46fd-9922-cb980861620f	GET	/sensor\tundefined
2024-12-04 20:56:32	e4735561-9843-4055-9846-02da7df166df	GET	/sensor\tundefined
2024-12-04 20:56:46	5c988cf7-fe15-4ac3-9298-46d512a62170	GET	/user\tundefined
2024-12-04 20:59:43	eb393e20-6b55-4f7e-835e-3e25f27551fc	GET	/user\tundefined
2024-12-04 21:01:25	d8dfe90c-3b25-4f27-8c70-69905982e314	GET	/user\tundefined
2024-12-04 21:03:36	cfbc42af-4dc6-4719-bd9d-7858489a40a9	GET	/user\tundefined
2024-12-04 21:04:09	d21ea16c-0ce6-40ac-95f3-c7eb96226d5f	GET	/user\tundefined
2024-12-04 21:05:13	e0a1d108-d504-4aaf-b8fc-b3ad06c087be	GET	/user\tundefined
2024-12-04 21:08:54	9b32abad-fd6b-4b1c-977b-035c61b054a3	GET	/user\tundefined
2024-12-04 21:28:05	b65e41f3-040e-4be1-ae9d-833e459389dc	POST	/user/login\tundefined
2024-12-04 21:29:04	fcf76cb3-a4e3-4d32-b304-4dfac5cb312c	POST	/user/login\tundefined
2024-12-04 21:29:11	a9678511-4b3c-4e84-b51a-cbcd208884d0	POST	/user/register\tundefined
2024-12-04 21:29:20	5119a5ae-0b61-443e-a707-7f35107b92e2	POST	/user/login\tundefined
2024-12-04 21:29:31	8c87b235-e4d7-4102-aaa3-d1f5c780bf0f	POST	/user/\tundefined
2024-12-04 21:29:45	daac3d93-8867-4a77-a257-3ae4cbafcba8	GET	/user/\tundefined
2024-12-04 21:30:14	303672c7-863e-47cb-8e3c-21714bb6a54f	GET	/user/6750673816abc06eeb98bf2d\tundefined
2024-12-04 21:38:53	0eeff484-e9a7-4829-a485-b22c917f9640	POST	/sensor/\tundefined
2024-12-04 21:40:27	98e38ec6-6740-4212-8a86-46f60e83f086	POST	/sensor/\tundefined
2024-12-04 21:40:33	9f7ffc2d-b1fd-4ebe-853d-6a01424ae0fc	POST	/sensor/\tundefined
2024-12-04 22:46:52	1078dccb-0e4b-4075-8a92-c17e7b8fdf14	POST	/sensor/\tundefined
2024-12-04 22:48:19	db089295-2e9a-436e-831f-ba6cb947a9dc	POST	/sensor/\tundefined
2024-12-04 22:49:18	a2bfa406-187d-4080-bb1d-40c8729e2efa	POST	/sensor/\tundefined
